<?xml version="1.0" encoding="UTF-8"?>
<testng-results ignored="0" total="1" passed="1" failed="0" skipped="0">
  <reporter-output>
  </reporter-output>
  <suite started-at="2019-08-18T11:57:28Z" name="Default suite" finished-at="2019-08-18T11:57:28Z" duration-ms="90">
    <groups>
    </groups>
    <test started-at="2019-08-18T11:57:28Z" name="Default test" finished-at="2019-08-18T11:57:28Z" duration-ms="90">
      <class name="org.testing.TestScripts.TC6">
        <test-method signature="tc6()[pri:0, instance:org.testing.TestScripts.TC6@587e5365]" started-at="2019-08-18T17:27:28Z" name="tc6" finished-at="2019-08-18T17:27:28Z" duration-ms="53" status="PASS">
          <reporter-output>
          </reporter-output>
        </test-method> <!-- tc6 -->
      </class> <!-- org.testing.TestScripts.TC6 -->
    </test> <!-- Default test -->
  </suite> <!-- Default suite -->
</testng-results>
